

Started GET "/assets/rails.png" for 127.0.0.1 at 2013-01-15 16:35:21 -0800
Connecting to database specified by database.yml
Served asset /rails.png - 200 OK (5ms)


Started GET "/refinery" for 127.0.0.1 at 2013-01-15 16:35:25 -0800

ActionController::RoutingError (No route matches [GET] "/refinery"):
  actionpack (3.2.11) lib/action_dispatch/middleware/debug_exceptions.rb:21:in `call'
  actionpack (3.2.11) lib/action_dispatch/middleware/show_exceptions.rb:56:in `call'
  railties (3.2.11) lib/rails/rack/logger.rb:32:in `call_app'
  railties (3.2.11) lib/rails/rack/logger.rb:16:in `block in call'
  activesupport (3.2.11) lib/active_support/tagged_logging.rb:22:in `tagged'
  railties (3.2.11) lib/rails/rack/logger.rb:16:in `call'
  actionpack (3.2.11) lib/action_dispatch/middleware/request_id.rb:22:in `call'
  rack (1.4.4) lib/rack/methodoverride.rb:21:in `call'
  rack (1.4.4) lib/rack/runtime.rb:17:in `call'
  activesupport (3.2.11) lib/active_support/cache/strategy/local_cache.rb:72:in `call'
  rack (1.4.4) lib/rack/lock.rb:15:in `call'
  actionpack (3.2.11) lib/action_dispatch/middleware/static.rb:62:in `call'
  railties (3.2.11) lib/rails/engine.rb:479:in `call'
  railties (3.2.11) lib/rails/application.rb:223:in `call'
  rack (1.4.4) lib/rack/content_length.rb:14:in `call'
  railties (3.2.11) lib/rails/rack/log_tailer.rb:17:in `call'
  rack (1.4.4) lib/rack/handler/webrick.rb:59:in `service'
  /Users/strand/.rvm/rubies/ruby-1.9.3-p362/lib/ruby/1.9.1/webrick/httpserver.rb:138:in `service'
  /Users/strand/.rvm/rubies/ruby-1.9.3-p362/lib/ruby/1.9.1/webrick/httpserver.rb:94:in `run'
  /Users/strand/.rvm/rubies/ruby-1.9.3-p362/lib/ruby/1.9.1/webrick/server.rb:191:in `block in start_thread'


  Rendered /Users/strand/.rvm/gems/ruby-1.9.3-p362/gems/actionpack-3.2.11/lib/action_dispatch/middleware/templates/rescues/routing_error.erb within rescues/layout (2.4ms)


Started GET "/recipes" for 127.0.0.1 at 2013-01-15 16:35:29 -0800
Processing by RecipesController#index as HTML
Completed 500 Internal Server Error in 22ms

ActiveRecord::StatementInvalid (Could not find table 'recipes'):
  app/controllers/recipes_controller.rb:5:in `index'


  Rendered /Users/strand/.rvm/gems/ruby-1.9.3-p362/gems/actionpack-3.2.11/lib/action_dispatch/middleware/templates/rescues/_trace.erb (1.2ms)
  Rendered /Users/strand/.rvm/gems/ruby-1.9.3-p362/gems/actionpack-3.2.11/lib/action_dispatch/middleware/templates/rescues/_request_and_response.erb (0.9ms)
  Rendered /Users/strand/.rvm/gems/ruby-1.9.3-p362/gems/actionpack-3.2.11/lib/action_dispatch/middleware/templates/rescues/diagnostics.erb within rescues/layout (9.7ms)


Started GET "/recipes" for 127.0.0.1 at 2013-01-15 16:35:31 -0800
Processing by RecipesController#index as HTML
Completed 500 Internal Server Error in 1ms

ActiveRecord::StatementInvalid (Could not find table 'recipes'):
  app/controllers/recipes_controller.rb:5:in `index'


  Rendered /Users/strand/.rvm/gems/ruby-1.9.3-p362/gems/actionpack-3.2.11/lib/action_dispatch/middleware/templates/rescues/_trace.erb (1.2ms)
  Rendered /Users/strand/.rvm/gems/ruby-1.9.3-p362/gems/actionpack-3.2.11/lib/action_dispatch/middleware/templates/rescues/_request_and_response.erb (0.8ms)
  Rendered /Users/strand/.rvm/gems/ruby-1.9.3-p362/gems/actionpack-3.2.11/lib/action_dispatch/middleware/templates/rescues/diagnostics.erb within rescues/layout (8.2ms)


Started GET "/ingredients" for 127.0.0.1 at 2013-01-15 16:42:43 -0800
Processing by IngredientsController#index as HTML
Completed 500 Internal Server Error in 1ms

ActiveRecord::StatementInvalid (Could not find table 'ingredients'):
  app/controllers/ingredients_controller.rb:5:in `index'


  Rendered /Users/strand/.rvm/gems/ruby-1.9.3-p362/gems/actionpack-3.2.11/lib/action_dispatch/middleware/templates/rescues/_trace.erb (1.2ms)
  Rendered /Users/strand/.rvm/gems/ruby-1.9.3-p362/gems/actionpack-3.2.11/lib/action_dispatch/middleware/templates/rescues/_request_and_response.erb (0.8ms)
  Rendered /Users/strand/.rvm/gems/ruby-1.9.3-p362/gems/actionpack-3.2.11/lib/action_dispatch/middleware/templates/rescues/diagnostics.erb within rescues/layout (7.7ms)


Started GET "/ingredient" for 127.0.0.1 at 2013-01-15 16:42:46 -0800

ActionController::RoutingError (No route matches [GET] "/ingredient"):
  actionpack (3.2.11) lib/action_dispatch/middleware/debug_exceptions.rb:21:in `call'
  actionpack (3.2.11) lib/action_dispatch/middleware/show_exceptions.rb:56:in `call'
  railties (3.2.11) lib/rails/rack/logger.rb:32:in `call_app'
  railties (3.2.11) lib/rails/rack/logger.rb:16:in `block in call'
  activesupport (3.2.11) lib/active_support/tagged_logging.rb:22:in `tagged'
  railties (3.2.11) lib/rails/rack/logger.rb:16:in `call'
  actionpack (3.2.11) lib/action_dispatch/middleware/request_id.rb:22:in `call'
  rack (1.4.4) lib/rack/methodoverride.rb:21:in `call'
  rack (1.4.4) lib/rack/runtime.rb:17:in `call'
  activesupport (3.2.11) lib/active_support/cache/strategy/local_cache.rb:72:in `call'
  rack (1.4.4) lib/rack/lock.rb:15:in `call'
  actionpack (3.2.11) lib/action_dispatch/middleware/static.rb:62:in `call'
  railties (3.2.11) lib/rails/engine.rb:479:in `call'
  railties (3.2.11) lib/rails/application.rb:223:in `call'
  rack (1.4.4) lib/rack/content_length.rb:14:in `call'
  railties (3.2.11) lib/rails/rack/log_tailer.rb:17:in `call'
  rack (1.4.4) lib/rack/handler/webrick.rb:59:in `service'
  /Users/strand/.rvm/rubies/ruby-1.9.3-p362/lib/ruby/1.9.1/webrick/httpserver.rb:138:in `service'
  /Users/strand/.rvm/rubies/ruby-1.9.3-p362/lib/ruby/1.9.1/webrick/httpserver.rb:94:in `run'
  /Users/strand/.rvm/rubies/ruby-1.9.3-p362/lib/ruby/1.9.1/webrick/server.rb:191:in `block in start_thread'


  Rendered /Users/strand/.rvm/gems/ruby-1.9.3-p362/gems/actionpack-3.2.11/lib/action_dispatch/middleware/templates/rescues/routing_error.erb within rescues/layout (0.8ms)


Started GET "/ingredients" for 127.0.0.1 at 2013-01-15 16:42:50 -0800
Processing by IngredientsController#index as HTML
Completed 500 Internal Server Error in 1ms

ActiveRecord::StatementInvalid (Could not find table 'ingredients'):
  app/controllers/ingredients_controller.rb:5:in `index'


  Rendered /Users/strand/.rvm/gems/ruby-1.9.3-p362/gems/actionpack-3.2.11/lib/action_dispatch/middleware/templates/rescues/_trace.erb (1.2ms)
  Rendered /Users/strand/.rvm/gems/ruby-1.9.3-p362/gems/actionpack-3.2.11/lib/action_dispatch/middleware/templates/rescues/_request_and_response.erb (0.8ms)
  Rendered /Users/strand/.rvm/gems/ruby-1.9.3-p362/gems/actionpack-3.2.11/lib/action_dispatch/middleware/templates/rescues/diagnostics.erb within rescues/layout (7.6ms)
Connecting to database specified by database.yml
  [1m[36m (0.1ms)[0m  [1mselect sqlite_version(*)[0m
  [1m[35m (2.6ms)[0m  CREATE TABLE "schema_migrations" ("version" varchar(255) NOT NULL) 
  [1m[36m (1.7ms)[0m  [1mCREATE UNIQUE INDEX "unique_schema_migrations" ON "schema_migrations" ("version")[0m
  [1m[35m (4.8ms)[0m  SELECT "schema_migrations"."version" FROM "schema_migrations" 
Migrating to CreateIngredients (20130116001521)
  [1m[36m (0.1ms)[0m  [1mbegin transaction[0m
  [1m[35m (0.5ms)[0m  CREATE TABLE "ingredients" ("id" INTEGER PRIMARY KEY AUTOINCREMENT NOT NULL, "name" varchar(255), "serving" varchar(255), "nutritional_info" text, "created_at" datetime NOT NULL, "updated_at" datetime NOT NULL) 
  [1m[36m (0.1ms)[0m  [1mINSERT INTO "schema_migrations" ("version") VALUES ('20130116001521')[0m
  [1m[35m (1.3ms)[0m  commit transaction
Migrating to CreateIngredientLists (20130116001542)
  [1m[36m (0.0ms)[0m  [1mbegin transaction[0m
  [1m[35m (0.3ms)[0m  CREATE TABLE "ingredient_lists" ("id" INTEGER PRIMARY KEY AUTOINCREMENT NOT NULL, "ingredient_id" integer, "created_at" datetime NOT NULL, "updated_at" datetime NOT NULL) 
  [1m[36m (0.1ms)[0m  [1mINSERT INTO "schema_migrations" ("version") VALUES ('20130116001542')[0m
  [1m[35m (1.3ms)[0m  commit transaction
Migrating to CreateRecipes (20130116001614)
  [1m[36m (0.0ms)[0m  [1mbegin transaction[0m
  [1m[35m (0.3ms)[0m  CREATE TABLE "recipes" ("id" INTEGER PRIMARY KEY AUTOINCREMENT NOT NULL, "name" varchar(255), "ingredient_list_id" integer, "instructions" text, "created_at" datetime NOT NULL, "updated_at" datetime NOT NULL) 
  [1m[36m (0.1ms)[0m  [1mINSERT INTO "schema_migrations" ("version") VALUES ('20130116001614')[0m
  [1m[35m (1.3ms)[0m  commit transaction
  [1m[36m (0.1ms)[0m  [1mSELECT "schema_migrations"."version" FROM "schema_migrations" [0m


Started GET "/ingredients" for 127.0.0.1 at 2013-01-15 16:44:56 -0800
Connecting to database specified by database.yml
Processing by IngredientsController#index as HTML
  [1m[36mIngredient Load (0.1ms)[0m  [1mSELECT "ingredients".* FROM "ingredients" [0m
  Rendered ingredients/index.html.erb within layouts/application (3.0ms)
Compiled ingredient_lists.css  (9ms)  (pid 26057)
Compiled ingredients.css  (1ms)  (pid 26057)
Compiled recipes.css  (1ms)  (pid 26057)
Compiled scaffolds.css  (16ms)  (pid 26057)
Compiled application.css  (81ms)  (pid 26057)
Compiled jquery.js  (2ms)  (pid 26057)
Compiled jquery_ujs.js  (0ms)  (pid 26057)
Compiled ingredient_lists.js  (215ms)  (pid 26057)
Compiled ingredients.js  (162ms)  (pid 26057)
Compiled recipes.js  (133ms)  (pid 26057)
Compiled application.js  (593ms)  (pid 26057)
Completed 200 OK in 844ms (Views: 820.7ms | ActiveRecord: 2.2ms)


Started GET "/assets/application.css?body=1" for 127.0.0.1 at 2013-01-15 16:44:57 -0800
Served asset /application.css - 200 OK (14ms)


Started GET "/assets/ingredient_lists.css?body=1" for 127.0.0.1 at 2013-01-15 16:44:57 -0800
Served asset /ingredient_lists.css - 200 OK (2ms)


Started GET "/assets/ingredients.css?body=1" for 127.0.0.1 at 2013-01-15 16:44:57 -0800
Served asset /ingredients.css - 200 OK (3ms)


Started GET "/assets/scaffolds.css?body=1" for 127.0.0.1 at 2013-01-15 16:44:57 -0800
Served asset /scaffolds.css - 304 Not Modified (1ms)


Started GET "/assets/recipes.css?body=1" for 127.0.0.1 at 2013-01-15 16:44:57 -0800
Served asset /recipes.css - 200 OK (1ms)


Started GET "/assets/jquery.js?body=1" for 127.0.0.1 at 2013-01-15 16:44:57 -0800
Served asset /jquery.js - 304 Not Modified (3ms)


Started GET "/assets/jquery_ujs.js?body=1" for 127.0.0.1 at 2013-01-15 16:44:57 -0800
Served asset /jquery_ujs.js - 304 Not Modified (3ms)


Started GET "/assets/ingredient_lists.js?body=1" for 127.0.0.1 at 2013-01-15 16:44:57 -0800
Served asset /ingredient_lists.js - 200 OK (1ms)


Started GET "/assets/ingredients.js?body=1" for 127.0.0.1 at 2013-01-15 16:44:57 -0800
Served asset /ingredients.js - 200 OK (1ms)


Started GET "/assets/recipes.js?body=1" for 127.0.0.1 at 2013-01-15 16:44:57 -0800
Served asset /recipes.js - 200 OK (2ms)


Started GET "/assets/application.js?body=1" for 127.0.0.1 at 2013-01-15 16:44:57 -0800
Served asset /application.js - 200 OK (30ms)


Started GET "/ingredients/new" for 127.0.0.1 at 2013-01-15 16:45:00 -0800
Processing by IngredientsController#new as HTML
  Rendered ingredients/_form.html.erb (9.5ms)
  Rendered ingredients/new.html.erb within layouts/application (15.8ms)
Completed 200 OK in 28ms (Views: 21.3ms | ActiveRecord: 0.0ms)


Started GET "/assets/scaffolds.css?body=1" for 127.0.0.1 at 2013-01-15 16:45:00 -0800
Served asset /scaffolds.css - 304 Not Modified (0ms)


Started GET "/assets/jquery.js?body=1" for 127.0.0.1 at 2013-01-15 16:45:00 -0800
Served asset /jquery.js - 304 Not Modified (0ms)


Started GET "/assets/jquery_ujs.js?body=1" for 127.0.0.1 at 2013-01-15 16:45:00 -0800
Served asset /jquery_ujs.js - 304 Not Modified (0ms)


Started POST "/ingredients" for 127.0.0.1 at 2013-01-15 16:45:06 -0800
Processing by IngredientsController#create as HTML
  Parameters: {"utf8"=>"✓", "authenticity_token"=>"YKPHzhB8/3aDveTxw8PaukVbCgkZRTRMScXNCIGndOo=", "ingredient"=>{"name"=>"Tomato Paste", "serving"=>"", "nutritional_info"=>""}, "commit"=>"Create Ingredient"}
  [1m[35m (0.1ms)[0m  begin transaction
  [1m[36mSQL (7.2ms)[0m  [1mINSERT INTO "ingredients" ("created_at", "name", "nutritional_info", "serving", "updated_at") VALUES (?, ?, ?, ?, ?)[0m  [["created_at", Wed, 16 Jan 2013 00:45:06 UTC +00:00], ["name", "Tomato Paste"], ["nutritional_info", ""], ["serving", ""], ["updated_at", Wed, 16 Jan 2013 00:45:06 UTC +00:00]]
  [1m[35m (0.8ms)[0m  commit transaction
Redirected to http://localhost:3000/ingredients/1
Completed 302 Found in 12ms (ActiveRecord: 8.2ms)


Started GET "/ingredients/1" for 127.0.0.1 at 2013-01-15 16:45:06 -0800
Processing by IngredientsController#show as HTML
  Parameters: {"id"=>"1"}
  [1m[36mIngredient Load (0.3ms)[0m  [1mSELECT "ingredients".* FROM "ingredients" WHERE "ingredients"."id" = ? LIMIT 1[0m  [["id", "1"]]
  Rendered ingredients/show.html.erb within layouts/application (1.4ms)
Completed 200 OK in 12ms (Views: 8.7ms | ActiveRecord: 0.3ms)


Started GET "/assets/scaffolds.css?body=1" for 127.0.0.1 at 2013-01-15 16:45:06 -0800
Served asset /scaffolds.css - 304 Not Modified (0ms)


Started GET "/assets/jquery_ujs.js?body=1" for 127.0.0.1 at 2013-01-15 16:45:06 -0800
Served asset /jquery_ujs.js - 304 Not Modified (0ms)


Started GET "/assets/jquery.js?body=1" for 127.0.0.1 at 2013-01-15 16:45:06 -0800
Served asset /jquery.js - 304 Not Modified (0ms)


Started GET "/ingredients/1/edit" for 127.0.0.1 at 2013-01-15 16:45:08 -0800
Processing by IngredientsController#edit as HTML
  Parameters: {"id"=>"1"}
  [1m[35mIngredient Load (0.1ms)[0m  SELECT "ingredients".* FROM "ingredients" WHERE "ingredients"."id" = ? LIMIT 1  [["id", "1"]]
  Rendered ingredients/_form.html.erb (2.2ms)
  Rendered ingredients/edit.html.erb within layouts/application (3.6ms)
Completed 200 OK in 10ms (Views: 9.0ms | ActiveRecord: 0.1ms)


Started GET "/assets/scaffolds.css?body=1" for 127.0.0.1 at 2013-01-15 16:45:08 -0800
Served asset /scaffolds.css - 304 Not Modified (0ms)


Started GET "/assets/jquery.js?body=1" for 127.0.0.1 at 2013-01-15 16:45:08 -0800
Served asset /jquery.js - 304 Not Modified (0ms)


Started GET "/assets/jquery_ujs.js?body=1" for 127.0.0.1 at 2013-01-15 16:45:08 -0800
Served asset /jquery_ujs.js - 304 Not Modified (0ms)


Started PUT "/ingredients/1" for 127.0.0.1 at 2013-01-15 16:45:25 -0800
Processing by IngredientsController#update as HTML
  Parameters: {"utf8"=>"✓", "authenticity_token"=>"YKPHzhB8/3aDveTxw8PaukVbCgkZRTRMScXNCIGndOo=", "ingredient"=>{"name"=>"Eggs", "serving"=>"", "nutritional_info"=>""}, "commit"=>"Update Ingredient", "id"=>"1"}
  [1m[36mIngredient Load (0.1ms)[0m  [1mSELECT "ingredients".* FROM "ingredients" WHERE "ingredients"."id" = ? LIMIT 1[0m  [["id", "1"]]
  [1m[35m (0.0ms)[0m  begin transaction
  [1m[36m (0.2ms)[0m  [1mUPDATE "ingredients" SET "name" = 'Eggs', "updated_at" = '2013-01-16 00:45:25.090296' WHERE "ingredients"."id" = 1[0m
  [1m[35m (1.8ms)[0m  commit transaction
Redirected to http://localhost:3000/ingredients/1
Completed 302 Found in 6ms (ActiveRecord: 2.2ms)


Started GET "/ingredients/1" for 127.0.0.1 at 2013-01-15 16:45:25 -0800
Processing by IngredientsController#show as HTML
  Parameters: {"id"=>"1"}
  [1m[36mIngredient Load (0.1ms)[0m  [1mSELECT "ingredients".* FROM "ingredients" WHERE "ingredients"."id" = ? LIMIT 1[0m  [["id", "1"]]
  Rendered ingredients/show.html.erb within layouts/application (0.6ms)
Completed 200 OK in 8ms (Views: 6.5ms | ActiveRecord: 0.1ms)


Started GET "/assets/scaffolds.css?body=1" for 127.0.0.1 at 2013-01-15 16:45:25 -0800
Served asset /scaffolds.css - 304 Not Modified (0ms)


Started GET "/assets/jquery_ujs.js?body=1" for 127.0.0.1 at 2013-01-15 16:45:25 -0800
Served asset /jquery_ujs.js - 304 Not Modified (0ms)


Started GET "/assets/jquery.js?body=1" for 127.0.0.1 at 2013-01-15 16:45:25 -0800
Served asset /jquery.js - 304 Not Modified (0ms)


Started GET "/ingredients" for 127.0.0.1 at 2013-01-15 16:45:27 -0800
Processing by IngredientsController#index as HTML
  [1m[35mIngredient Load (0.2ms)[0m  SELECT "ingredients".* FROM "ingredients" 
  Rendered ingredients/index.html.erb within layouts/application (1.4ms)
Completed 200 OK in 8ms (Views: 7.5ms | ActiveRecord: 0.2ms)


Started GET "/assets/scaffolds.css?body=1" for 127.0.0.1 at 2013-01-15 16:45:27 -0800
Served asset /scaffolds.css - 304 Not Modified (0ms)


Started GET "/assets/jquery.js?body=1" for 127.0.0.1 at 2013-01-15 16:45:27 -0800
Served asset /jquery.js - 304 Not Modified (0ms)


Started GET "/assets/jquery_ujs.js?body=1" for 127.0.0.1 at 2013-01-15 16:45:27 -0800
Served asset /jquery_ujs.js - 304 Not Modified (0ms)


Started GET "/ingredients/new" for 127.0.0.1 at 2013-01-15 16:45:29 -0800
Processing by IngredientsController#new as HTML
  Rendered ingredients/_form.html.erb (2.9ms)
  Rendered ingredients/new.html.erb within layouts/application (3.7ms)
Completed 200 OK in 9ms (Views: 8.9ms | ActiveRecord: 0.0ms)


Started GET "/assets/scaffolds.css?body=1" for 127.0.0.1 at 2013-01-15 16:45:30 -0800
Served asset /scaffolds.css - 304 Not Modified (0ms)


Started GET "/assets/jquery_ujs.js?body=1" for 127.0.0.1 at 2013-01-15 16:45:30 -0800
Served asset /jquery_ujs.js - 304 Not Modified (0ms)


Started GET "/assets/jquery.js?body=1" for 127.0.0.1 at 2013-01-15 16:45:30 -0800
Served asset /jquery.js - 304 Not Modified (0ms)


Started POST "/ingredients" for 127.0.0.1 at 2013-01-15 16:45:35 -0800
Processing by IngredientsController#create as HTML
  Parameters: {"utf8"=>"✓", "authenticity_token"=>"YKPHzhB8/3aDveTxw8PaukVbCgkZRTRMScXNCIGndOo=", "ingredient"=>{"name"=>"Bacon", "serving"=>"", "nutritional_info"=>""}, "commit"=>"Create Ingredient"}
  [1m[36m (0.1ms)[0m  [1mbegin transaction[0m
  [1m[35mSQL (0.4ms)[0m  INSERT INTO "ingredients" ("created_at", "name", "nutritional_info", "serving", "updated_at") VALUES (?, ?, ?, ?, ?)  [["created_at", Wed, 16 Jan 2013 00:45:35 UTC +00:00], ["name", "Bacon"], ["nutritional_info", ""], ["serving", ""], ["updated_at", Wed, 16 Jan 2013 00:45:35 UTC +00:00]]
  [1m[36m (2.4ms)[0m  [1mcommit transaction[0m
Redirected to http://localhost:3000/ingredients/2
Completed 302 Found in 5ms (ActiveRecord: 2.8ms)


Started GET "/ingredients/2" for 127.0.0.1 at 2013-01-15 16:45:35 -0800
Processing by IngredientsController#show as HTML
  Parameters: {"id"=>"2"}
  [1m[35mIngredient Load (0.1ms)[0m  SELECT "ingredients".* FROM "ingredients" WHERE "ingredients"."id" = ? LIMIT 1  [["id", "2"]]
  Rendered ingredients/show.html.erb within layouts/application (0.6ms)
Completed 200 OK in 7ms (Views: 5.6ms | ActiveRecord: 0.1ms)


Started GET "/assets/scaffolds.css?body=1" for 127.0.0.1 at 2013-01-15 16:45:35 -0800
Served asset /scaffolds.css - 304 Not Modified (0ms)


Started GET "/assets/jquery_ujs.js?body=1" for 127.0.0.1 at 2013-01-15 16:45:35 -0800
Served asset /jquery_ujs.js - 304 Not Modified (0ms)


Started GET "/assets/jquery.js?body=1" for 127.0.0.1 at 2013-01-15 16:45:35 -0800
Served asset /jquery.js - 304 Not Modified (0ms)


Started GET "/ingredients" for 127.0.0.1 at 2013-01-15 16:45:38 -0800
Processing by IngredientsController#index as HTML
  [1m[36mIngredient Load (0.2ms)[0m  [1mSELECT "ingredients".* FROM "ingredients" [0m
  Rendered ingredients/index.html.erb within layouts/application (1.6ms)
Completed 200 OK in 9ms (Views: 7.8ms | ActiveRecord: 0.2ms)


Started GET "/assets/scaffolds.css?body=1" for 127.0.0.1 at 2013-01-15 16:45:38 -0800
Served asset /scaffolds.css - 304 Not Modified (0ms)


Started GET "/assets/jquery.js?body=1" for 127.0.0.1 at 2013-01-15 16:45:38 -0800
Served asset /jquery.js - 304 Not Modified (0ms)


Started GET "/assets/jquery_ujs.js?body=1" for 127.0.0.1 at 2013-01-15 16:45:38 -0800
Served asset /jquery_ujs.js - 304 Not Modified (0ms)


Started GET "/ingredients/new" for 127.0.0.1 at 2013-01-15 16:45:39 -0800
Processing by IngredientsController#new as HTML
  Rendered ingredients/_form.html.erb (14.5ms)
  Rendered ingredients/new.html.erb within layouts/application (15.3ms)
Completed 200 OK in 21ms (Views: 21.1ms | ActiveRecord: 0.0ms)


Started GET "/assets/scaffolds.css?body=1" for 127.0.0.1 at 2013-01-15 16:45:39 -0800
Served asset /scaffolds.css - 304 Not Modified (0ms)


Started GET "/assets/jquery.js?body=1" for 127.0.0.1 at 2013-01-15 16:45:39 -0800
Served asset /jquery.js - 304 Not Modified (0ms)


Started GET "/assets/jquery_ujs.js?body=1" for 127.0.0.1 at 2013-01-15 16:45:39 -0800
Served asset /jquery_ujs.js - 304 Not Modified (0ms)


Started POST "/ingredients" for 127.0.0.1 at 2013-01-15 16:45:44 -0800
Processing by IngredientsController#create as HTML
  Parameters: {"utf8"=>"✓", "authenticity_token"=>"YKPHzhB8/3aDveTxw8PaukVbCgkZRTRMScXNCIGndOo=", "ingredient"=>{"name"=>"Bread", "serving"=>"", "nutritional_info"=>""}, "commit"=>"Create Ingredient"}
  [1m[35m (0.1ms)[0m  begin transaction
  [1m[36mSQL (0.3ms)[0m  [1mINSERT INTO "ingredients" ("created_at", "name", "nutritional_info", "serving", "updated_at") VALUES (?, ?, ?, ?, ?)[0m  [["created_at", Wed, 16 Jan 2013 00:45:44 UTC +00:00], ["name", "Bread"], ["nutritional_info", ""], ["serving", ""], ["updated_at", Wed, 16 Jan 2013 00:45:44 UTC +00:00]]
  [1m[35m (2.4ms)[0m  commit transaction
Redirected to http://localhost:3000/ingredients/3
Completed 302 Found in 5ms (ActiveRecord: 2.8ms)


Started GET "/ingredients/3" for 127.0.0.1 at 2013-01-15 16:45:44 -0800
Processing by IngredientsController#show as HTML
  Parameters: {"id"=>"3"}
  [1m[36mIngredient Load (0.1ms)[0m  [1mSELECT "ingredients".* FROM "ingredients" WHERE "ingredients"."id" = ? LIMIT 1[0m  [["id", "3"]]
  Rendered ingredients/show.html.erb within layouts/application (0.6ms)
Completed 200 OK in 8ms (Views: 6.9ms | ActiveRecord: 0.1ms)


Started GET "/assets/scaffolds.css?body=1" for 127.0.0.1 at 2013-01-15 16:45:44 -0800
Served asset /scaffolds.css - 304 Not Modified (0ms)


Started GET "/assets/jquery_ujs.js?body=1" for 127.0.0.1 at 2013-01-15 16:45:44 -0800
Served asset /jquery_ujs.js - 304 Not Modified (0ms)


Started GET "/assets/jquery.js?body=1" for 127.0.0.1 at 2013-01-15 16:45:44 -0800
Served asset /jquery.js - 304 Not Modified (0ms)


Started GET "/ingredient_lists" for 127.0.0.1 at 2013-01-15 16:45:53 -0800
Processing by IngredientListsController#index as HTML
  [1m[35mIngredientList Load (0.1ms)[0m  SELECT "ingredient_lists".* FROM "ingredient_lists" 
  Rendered ingredient_lists/index.html.erb within layouts/application (0.9ms)
Completed 200 OK in 9ms (Views: 6.8ms | ActiveRecord: 0.4ms)


Started GET "/assets/scaffolds.css?body=1" for 127.0.0.1 at 2013-01-15 16:45:53 -0800
Served asset /scaffolds.css - 304 Not Modified (0ms)


Started GET "/assets/jquery.js?body=1" for 127.0.0.1 at 2013-01-15 16:45:53 -0800
Served asset /jquery.js - 304 Not Modified (0ms)


Started GET "/assets/jquery_ujs.js?body=1" for 127.0.0.1 at 2013-01-15 16:45:53 -0800
Served asset /jquery_ujs.js - 304 Not Modified (0ms)


Started GET "/ingredient_lists" for 127.0.0.1 at 2013-01-15 16:50:42 -0800
Processing by IngredientListsController#index as HTML
  [1m[36mIngredient Load (0.1ms)[0m  [1mSELECT "ingredients".* FROM "ingredients" [0m
  [1m[35mIngredientList Load (0.1ms)[0m  SELECT "ingredient_lists".* FROM "ingredient_lists" 
  Rendered ingredient_lists/index.html.erb within layouts/application (0.3ms)
Completed 200 OK in 17ms (Views: 6.6ms | ActiveRecord: 0.8ms)


Started GET "/assets/application.css?body=1" for 127.0.0.1 at 2013-01-15 16:50:42 -0800
Served asset /application.css - 304 Not Modified (0ms)


Started GET "/assets/ingredients.css?body=1" for 127.0.0.1 at 2013-01-15 16:50:42 -0800
Served asset /ingredients.css - 304 Not Modified (0ms)


Started GET "/assets/recipes.css?body=1" for 127.0.0.1 at 2013-01-15 16:50:42 -0800
Served asset /recipes.css - 304 Not Modified (0ms)


Started GET "/assets/ingredient_lists.css?body=1" for 127.0.0.1 at 2013-01-15 16:50:42 -0800
Served asset /ingredient_lists.css - 304 Not Modified (0ms)


Started GET "/assets/scaffolds.css?body=1" for 127.0.0.1 at 2013-01-15 16:50:42 -0800
Served asset /scaffolds.css - 304 Not Modified (0ms)


Started GET "/assets/jquery.js?body=1" for 127.0.0.1 at 2013-01-15 16:50:42 -0800
Served asset /jquery.js - 304 Not Modified (0ms)


Started GET "/assets/jquery_ujs.js?body=1" for 127.0.0.1 at 2013-01-15 16:50:42 -0800
Served asset /jquery_ujs.js - 304 Not Modified (0ms)


Started GET "/assets/ingredient_lists.js?body=1" for 127.0.0.1 at 2013-01-15 16:50:42 -0800
Served asset /ingredient_lists.js - 304 Not Modified (0ms)


Started GET "/assets/ingredients.js?body=1" for 127.0.0.1 at 2013-01-15 16:50:42 -0800
Served asset /ingredients.js - 304 Not Modified (0ms)


Started GET "/assets/recipes.js?body=1" for 127.0.0.1 at 2013-01-15 16:50:42 -0800
Served asset /recipes.js - 304 Not Modified (0ms)


Started GET "/assets/application.js?body=1" for 127.0.0.1 at 2013-01-15 16:50:42 -0800
Served asset /application.js - 304 Not Modified (0ms)


Started GET "/ingredient_lists/new" for 127.0.0.1 at 2013-01-15 16:50:44 -0800
Processing by IngredientListsController#new as HTML
  [1m[36mIngredient Load (0.2ms)[0m  [1mSELECT "ingredients".* FROM "ingredients" [0m
  Rendered ingredient_lists/_form.html.erb (4.9ms)
  Rendered ingredient_lists/new.html.erb within layouts/application (6.0ms)
Completed 200 OK in 19ms (Views: 13.3ms | ActiveRecord: 0.2ms)


Started GET "/assets/application.css?body=1" for 127.0.0.1 at 2013-01-15 16:50:44 -0800
Served asset /application.css - 304 Not Modified (0ms)


Started GET "/assets/ingredient_lists.css?body=1" for 127.0.0.1 at 2013-01-15 16:50:44 -0800
Served asset /ingredient_lists.css - 304 Not Modified (0ms)


Started GET "/assets/ingredients.css?body=1" for 127.0.0.1 at 2013-01-15 16:50:44 -0800
Served asset /ingredients.css - 304 Not Modified (0ms)


Started GET "/assets/scaffolds.css?body=1" for 127.0.0.1 at 2013-01-15 16:50:44 -0800
Served asset /scaffolds.css - 304 Not Modified (0ms)


Started GET "/assets/recipes.css?body=1" for 127.0.0.1 at 2013-01-15 16:50:44 -0800
Served asset /recipes.css - 304 Not Modified (0ms)


Started GET "/assets/jquery.js?body=1" for 127.0.0.1 at 2013-01-15 16:50:44 -0800
Served asset /jquery.js - 304 Not Modified (0ms)


Started GET "/assets/ingredient_lists.js?body=1" for 127.0.0.1 at 2013-01-15 16:50:44 -0800
Served asset /ingredient_lists.js - 304 Not Modified (0ms)


Started GET "/assets/jquery_ujs.js?body=1" for 127.0.0.1 at 2013-01-15 16:50:44 -0800
Served asset /jquery_ujs.js - 304 Not Modified (0ms)


Started GET "/assets/ingredients.js?body=1" for 127.0.0.1 at 2013-01-15 16:50:44 -0800
Served asset /ingredients.js - 304 Not Modified (0ms)


Started GET "/assets/recipes.js?body=1" for 127.0.0.1 at 2013-01-15 16:50:44 -0800
Served asset /recipes.js - 304 Not Modified (0ms)


Started GET "/assets/application.js?body=1" for 127.0.0.1 at 2013-01-15 16:50:44 -0800
Served asset /application.js - 304 Not Modified (0ms)


Started GET "/ingredient_lists/new" for 127.0.0.1 at 2013-01-15 16:56:45 -0800
Processing by IngredientListsController#new as HTML
  [1m[35mIngredient Load (0.2ms)[0m  SELECT "ingredients".* FROM "ingredients" 
  Rendered ingredient_lists/_form.html.erb (2.9ms)
  Rendered ingredient_lists/new.html.erb within layouts/application (3.9ms)
Completed 200 OK in 15ms (Views: 12.9ms | ActiveRecord: 0.2ms)


Started GET "/assets/application.css?body=1" for 127.0.0.1 at 2013-01-15 16:56:45 -0800
Served asset /application.css - 304 Not Modified (0ms)


Started GET "/assets/ingredients.css?body=1" for 127.0.0.1 at 2013-01-15 16:56:45 -0800
Served asset /ingredients.css - 304 Not Modified (0ms)


Started GET "/assets/recipes.css?body=1" for 127.0.0.1 at 2013-01-15 16:56:45 -0800
Served asset /recipes.css - 304 Not Modified (0ms)


Started GET "/assets/scaffolds.css?body=1" for 127.0.0.1 at 2013-01-15 16:56:45 -0800
Served asset /scaffolds.css - 304 Not Modified (0ms)


Started GET "/assets/ingredient_lists.css?body=1" for 127.0.0.1 at 2013-01-15 16:56:45 -0800
Served asset /ingredient_lists.css - 304 Not Modified (0ms)


Started GET "/assets/jquery_ujs.js?body=1" for 127.0.0.1 at 2013-01-15 16:56:45 -0800
Served asset /jquery_ujs.js - 304 Not Modified (0ms)


Started GET "/assets/ingredient_lists.js?body=1" for 127.0.0.1 at 2013-01-15 16:56:45 -0800
Served asset /ingredient_lists.js - 304 Not Modified (0ms)


Started GET "/assets/recipes.js?body=1" for 127.0.0.1 at 2013-01-15 16:56:45 -0800
Served asset /recipes.js - 304 Not Modified (0ms)


Started GET "/assets/ingredients.js?body=1" for 127.0.0.1 at 2013-01-15 16:56:45 -0800
Served asset /ingredients.js - 304 Not Modified (0ms)


Started GET "/assets/application.js?body=1" for 127.0.0.1 at 2013-01-15 16:56:45 -0800
Served asset /application.js - 304 Not Modified (0ms)


Started GET "/assets/jquery.js?body=1" for 127.0.0.1 at 2013-01-15 16:56:45 -0800
Served asset /jquery.js - 304 Not Modified (0ms)


Started GET "/ingredient_lists/new" for 127.0.0.1 at 2013-01-15 16:57:09 -0800
Processing by IngredientListsController#new as HTML
  [1m[36mIngredient Load (0.2ms)[0m  [1mSELECT "ingredients".* FROM "ingredients" [0m
  Rendered ingredient_lists/_form.html.erb (4.7ms)
  Rendered ingredient_lists/new.html.erb within layouts/application (5.4ms)
Completed 200 OK in 14ms (Views: 10.9ms | ActiveRecord: 0.2ms)


Started GET "/assets/ingredient_lists.css?body=1" for 127.0.0.1 at 2013-01-15 16:57:09 -0800
Served asset /ingredient_lists.css - 304 Not Modified (0ms)


Started GET "/assets/ingredients.css?body=1" for 127.0.0.1 at 2013-01-15 16:57:09 -0800
Served asset /ingredients.css - 304 Not Modified (0ms)


Started GET "/assets/recipes.css?body=1" for 127.0.0.1 at 2013-01-15 16:57:09 -0800
Served asset /recipes.css - 304 Not Modified (0ms)


Started GET "/assets/application.css?body=1" for 127.0.0.1 at 2013-01-15 16:57:09 -0800
Served asset /application.css - 304 Not Modified (0ms)


Started GET "/assets/jquery.js?body=1" for 127.0.0.1 at 2013-01-15 16:57:09 -0800
Served asset /jquery.js - 304 Not Modified (0ms)


Started GET "/assets/scaffolds.css?body=1" for 127.0.0.1 at 2013-01-15 16:57:09 -0800
Served asset /scaffolds.css - 304 Not Modified (0ms)


Started GET "/assets/jquery_ujs.js?body=1" for 127.0.0.1 at 2013-01-15 16:57:09 -0800
Served asset /jquery_ujs.js - 304 Not Modified (0ms)


Started GET "/assets/ingredient_lists.js?body=1" for 127.0.0.1 at 2013-01-15 16:57:09 -0800
Served asset /ingredient_lists.js - 304 Not Modified (0ms)


Started GET "/assets/ingredients.js?body=1" for 127.0.0.1 at 2013-01-15 16:57:09 -0800
Served asset /ingredients.js - 304 Not Modified (0ms)


Started GET "/assets/application.js?body=1" for 127.0.0.1 at 2013-01-15 16:57:09 -0800
Served asset /application.js - 304 Not Modified (0ms)


Started GET "/assets/recipes.js?body=1" for 127.0.0.1 at 2013-01-15 16:57:09 -0800
Served asset /recipes.js - 304 Not Modified (0ms)


Started GET "/ingredient_lists/new" for 127.0.0.1 at 2013-01-15 16:57:11 -0800
Processing by IngredientListsController#new as HTML
  [1m[35mIngredient Load (0.2ms)[0m  SELECT "ingredients".* FROM "ingredients" 
  Rendered ingredient_lists/_form.html.erb (4.1ms)
  Rendered ingredient_lists/new.html.erb within layouts/application (5.1ms)
Completed 200 OK in 13ms (Views: 11.4ms | ActiveRecord: 0.2ms)


Started GET "/assets/application.css?body=1" for 127.0.0.1 at 2013-01-15 16:57:11 -0800
Served asset /application.css - 304 Not Modified (0ms)


Started GET "/assets/ingredients.css?body=1" for 127.0.0.1 at 2013-01-15 16:57:11 -0800
Served asset /ingredients.css - 304 Not Modified (0ms)


Started GET "/assets/ingredient_lists.css?body=1" for 127.0.0.1 at 2013-01-15 16:57:11 -0800
Served asset /ingredient_lists.css - 304 Not Modified (0ms)


Started GET "/assets/scaffolds.css?body=1" for 127.0.0.1 at 2013-01-15 16:57:11 -0800
Served asset /scaffolds.css - 304 Not Modified (0ms)


Started GET "/assets/jquery.js?body=1" for 127.0.0.1 at 2013-01-15 16:57:11 -0800
Served asset /jquery.js - 304 Not Modified (0ms)


Started GET "/assets/recipes.css?body=1" for 127.0.0.1 at 2013-01-15 16:57:11 -0800
Served asset /recipes.css - 304 Not Modified (0ms)


Started GET "/assets/jquery_ujs.js?body=1" for 127.0.0.1 at 2013-01-15 16:57:11 -0800
Served asset /jquery_ujs.js - 304 Not Modified (0ms)


Started GET "/assets/ingredients.js?body=1" for 127.0.0.1 at 2013-01-15 16:57:11 -0800
Served asset /ingredients.js - 304 Not Modified (0ms)


Started GET "/assets/ingredient_lists.js?body=1" for 127.0.0.1 at 2013-01-15 16:57:11 -0800
Served asset /ingredient_lists.js - 304 Not Modified (0ms)


Started GET "/assets/recipes.js?body=1" for 127.0.0.1 at 2013-01-15 16:57:11 -0800
Served asset /recipes.js - 304 Not Modified (0ms)


Started GET "/assets/application.js?body=1" for 127.0.0.1 at 2013-01-15 16:57:11 -0800
Served asset /application.js - 304 Not Modified (0ms)


Started GET "/ingredient_lists/new" for 127.0.0.1 at 2013-01-15 16:57:16 -0800
Processing by IngredientListsController#new as HTML
  [1m[36mIngredient Load (0.2ms)[0m  [1mSELECT "ingredients".* FROM "ingredients" [0m
  Rendered ingredient_lists/_form.html.erb (7.5ms)
  Rendered ingredient_lists/new.html.erb within layouts/application (8.4ms)
Completed 200 OK in 32ms (Views: 30.7ms | ActiveRecord: 0.2ms)


Started GET "/assets/application.css?body=1" for 127.0.0.1 at 2013-01-15 16:57:16 -0800
Served asset /application.css - 304 Not Modified (0ms)


Started GET "/assets/ingredient_lists.css?body=1" for 127.0.0.1 at 2013-01-15 16:57:16 -0800
Served asset /ingredient_lists.css - 304 Not Modified (0ms)


Started GET "/assets/ingredients.css?body=1" for 127.0.0.1 at 2013-01-15 16:57:16 -0800
Served asset /ingredients.css - 304 Not Modified (0ms)


Started GET "/assets/recipes.css?body=1" for 127.0.0.1 at 2013-01-15 16:57:16 -0800
Served asset /recipes.css - 304 Not Modified (0ms)


Started GET "/assets/jquery.js?body=1" for 127.0.0.1 at 2013-01-15 16:57:16 -0800
Served asset /jquery.js - 304 Not Modified (0ms)


Started GET "/assets/scaffolds.css?body=1" for 127.0.0.1 at 2013-01-15 16:57:16 -0800
Served asset /scaffolds.css - 304 Not Modified (0ms)


Started GET "/assets/jquery_ujs.js?body=1" for 127.0.0.1 at 2013-01-15 16:57:16 -0800
Served asset /jquery_ujs.js - 304 Not Modified (0ms)


Started GET "/assets/ingredient_lists.js?body=1" for 127.0.0.1 at 2013-01-15 16:57:16 -0800
Served asset /ingredient_lists.js - 304 Not Modified (0ms)


Started GET "/assets/ingredients.js?body=1" for 127.0.0.1 at 2013-01-15 16:57:16 -0800
Served asset /ingredients.js - 304 Not Modified (0ms)


Started GET "/assets/recipes.js?body=1" for 127.0.0.1 at 2013-01-15 16:57:16 -0800
Served asset /recipes.js - 304 Not Modified (0ms)


Started GET "/assets/application.js?body=1" for 127.0.0.1 at 2013-01-15 16:57:16 -0800
Served asset /application.js - 304 Not Modified (0ms)


Started GET "/ingredient_lists/new" for 127.0.0.1 at 2013-01-15 16:58:42 -0800
Processing by IngredientListsController#new as HTML
  [1m[35mIngredient Load (0.3ms)[0m  SELECT "ingredients".* FROM "ingredients" 
ERROR: compiling _app_views_ingredient_lists__form_html_erb__3574151092195000797_70098202024780 RAISED /Users/strand/Code/put_it_in_your_face/put_it_in_your_face/app/views/ingredient_lists/_form.html.erb:18: syntax error, unexpected tIDENTIFIER, expecting ')'
...d}", ingredient.name ingredient.id );@output_buffer.safe_con...
...                               ^
Function body:           def _app_views_ingredient_lists__form_html_erb__3574151092195000797_70098202024780(local_assigns, output_buffer)
            _old_virtual_path, @virtual_path = @virtual_path, "ingredient_lists/_form";_old_output_buffer = @output_buffer;form = local_assigns[:form];;@output_buffer = output_buffer || ActionView::OutputBuffer.new;@output_buffer.append=  form_for(@ingredient_list) do |f| @output_buffer.safe_concat('
');   if @ingredient_list.errors.any? 
@output_buffer.safe_concat('    <div id="error_explanation">
      <h2>');@output_buffer.append= ( pluralize(@ingredient_list.errors.count, "error") );@output_buffer.safe_concat(' prohibited this ingredient_list from being saved:</h2>

      <ul>
');       @ingredient_list.errors.full_messages.each do |msg| 
@output_buffer.safe_concat('        <li>');@output_buffer.append= ( msg );@output_buffer.safe_concat('</li>
');       end 
@output_buffer.safe_concat('      </ul>
    </div>
');   end 
@output_buffer.safe_concat('
  <div class="field">
    ');@output_buffer.append= ( f.label :ingredient_id );@output_buffer.safe_concat('<br />
    ');@output_buffer.append= ( f.number_field :ingredient_id );@output_buffer.safe_concat('
');     @ingredients.each do |ingredient| 
@output_buffer.safe_concat('      ');@output_buffer.append= ( check_box_tag "option-#{ingredient.id}", ingredient.name ingredient.id );@output_buffer.safe_concat('
');@output_buffer.safe_concat('      ');@output_buffer.append= ( debug ingredient );@output_buffer.safe_concat('
');     end 
@output_buffer.safe_concat('  </div>
  <div class="actions">
    ');@output_buffer.append= ( f.submit );@output_buffer.safe_concat('
');@output_buffer.safe_concat('  </div>
'); end 
@output_buffer.to_s
          ensure
            @virtual_path, @output_buffer = _old_virtual_path, _old_output_buffer
          end

Backtrace: /Users/strand/.rvm/gems/ruby-1.9.3-p362/gems/actionpack-3.2.11/lib/action_view/template.rb:297:in `module_eval'
/Users/strand/.rvm/gems/ruby-1.9.3-p362/gems/actionpack-3.2.11/lib/action_view/template.rb:297:in `compile'
/Users/strand/.rvm/gems/ruby-1.9.3-p362/gems/actionpack-3.2.11/lib/action_view/template.rb:244:in `block in compile!'
<internal:prelude>:10:in `synchronize'
/Users/strand/.rvm/gems/ruby-1.9.3-p362/gems/actionpack-3.2.11/lib/action_view/template.rb:232:in `compile!'
/Users/strand/.rvm/gems/ruby-1.9.3-p362/gems/actionpack-3.2.11/lib/action_view/template.rb:144:in `block in render'
/Users/strand/.rvm/gems/ruby-1.9.3-p362/gems/activesupport-3.2.11/lib/active_support/notifications.rb:125:in `instrument'
/Users/strand/.rvm/gems/ruby-1.9.3-p362/gems/actionpack-3.2.11/lib/action_view/template.rb:143:in `render'
/Users/strand/.rvm/gems/ruby-1.9.3-p362/gems/actionpack-3.2.11/lib/action_view/renderer/partial_renderer.rb:265:in `render_partial'
/Users/strand/.rvm/gems/ruby-1.9.3-p362/gems/actionpack-3.2.11/lib/action_view/renderer/partial_renderer.rb:238:in `block in render'
/Users/strand/.rvm/gems/ruby-1.9.3-p362/gems/actionpack-3.2.11/lib/action_view/renderer/abstract_renderer.rb:38:in `block in instrument'
/Users/strand/.rvm/gems/ruby-1.9.3-p362/gems/activesupport-3.2.11/lib/active_support/notifications.rb:123:in `block in instrument'
/Users/strand/.rvm/gems/ruby-1.9.3-p362/gems/activesupport-3.2.11/lib/active_support/notifications/instrumenter.rb:20:in `instrument'
/Users/strand/.rvm/gems/ruby-1.9.3-p362/gems/activesupport-3.2.11/lib/active_support/notifications.rb:123:in `instrument'
/Users/strand/.rvm/gems/ruby-1.9.3-p362/gems/actionpack-3.2.11/lib/action_view/renderer/abstract_renderer.rb:38:in `instrument'
/Users/strand/.rvm/gems/ruby-1.9.3-p362/gems/actionpack-3.2.11/lib/action_view/renderer/partial_renderer.rb:237:in `render'
/Users/strand/.rvm/gems/ruby-1.9.3-p362/gems/actionpack-3.2.11/lib/action_view/renderer/renderer.rb:41:in `render_partial'
/Users/strand/.rvm/gems/ruby-1.9.3-p362/gems/actionpack-3.2.11/lib/action_view/helpers/rendering_helper.rb:27:in `render'
/Users/strand/Code/put_it_in_your_face/put_it_in_your_face/app/views/ingredient_lists/new.html.erb:3:in `_app_views_ingredient_lists_new_html_erb___3391435436609214733_70098199679780'
/Users/strand/.rvm/gems/ruby-1.9.3-p362/gems/actionpack-3.2.11/lib/action_view/template.rb:145:in `block in render'
/Users/strand/.rvm/gems/ruby-1.9.3-p362/gems/activesupport-3.2.11/lib/active_support/notifications.rb:125:in `instrument'
/Users/strand/.rvm/gems/ruby-1.9.3-p362/gems/actionpack-3.2.11/lib/action_view/template.rb:143:in `render'
/Users/strand/.rvm/gems/ruby-1.9.3-p362/gems/actionpack-3.2.11/lib/action_view/renderer/template_renderer.rb:47:in `block (2 levels) in render_template'
/Users/strand/.rvm/gems/ruby-1.9.3-p362/gems/actionpack-3.2.11/lib/action_view/renderer/abstract_renderer.rb:38:in `block in instrument'
/Users/strand/.rvm/gems/ruby-1.9.3-p362/gems/activesupport-3.2.11/lib/active_support/notifications.rb:123:in `block in instrument'
/Users/strand/.rvm/gems/ruby-1.9.3-p362/gems/activesupport-3.2.11/lib/active_support/notifications/instrumenter.rb:20:in `instrument'
/Users/strand/.rvm/gems/ruby-1.9.3-p362/gems/activesupport-3.2.11/lib/active_support/notifications.rb:123:in `instrument'
/Users/strand/.rvm/gems/ruby-1.9.3-p362/gems/actionpack-3.2.11/lib/action_view/renderer/abstract_renderer.rb:38:in `instrument'
/Users/strand/.rvm/gems/ruby-1.9.3-p362/gems/actionpack-3.2.11/lib/action_view/renderer/template_renderer.rb:46:in `block in render_template'
/Users/strand/.rvm/gems/ruby-1.9.3-p362/gems/actionpack-3.2.11/lib/action_view/renderer/template_renderer.rb:54:in `render_with_layout'
/Users/strand/.rvm/gems/ruby-1.9.3-p362/gems/actionpack-3.2.11/lib/action_view/renderer/template_renderer.rb:45:in `render_template'
/Users/strand/.rvm/gems/ruby-1.9.3-p362/gems/actionpack-3.2.11/lib/action_view/renderer/template_renderer.rb:18:in `render'
/Users/strand/.rvm/gems/ruby-1.9.3-p362/gems/actionpack-3.2.11/lib/action_view/renderer/renderer.rb:36:in `render_template'
/Users/strand/.rvm/gems/ruby-1.9.3-p362/gems/actionpack-3.2.11/lib/action_view/renderer/renderer.rb:17:in `render'
/Users/strand/.rvm/gems/ruby-1.9.3-p362/gems/actionpack-3.2.11/lib/abstract_controller/rendering.rb:110:in `_render_template'
/Users/strand/.rvm/gems/ruby-1.9.3-p362/gems/actionpack-3.2.11/lib/action_controller/metal/streaming.rb:225:in `_render_template'
/Users/strand/.rvm/gems/ruby-1.9.3-p362/gems/actionpack-3.2.11/lib/abstract_controller/rendering.rb:103:in `render_to_body'
/Users/strand/.rvm/gems/ruby-1.9.3-p362/gems/actionpack-3.2.11/lib/action_controller/metal/renderers.rb:28:in `render_to_body'
/Users/strand/.rvm/gems/ruby-1.9.3-p362/gems/actionpack-3.2.11/lib/action_controller/metal/compatibility.rb:50:in `render_to_body'
/Users/strand/.rvm/gems/ruby-1.9.3-p362/gems/actionpack-3.2.11/lib/abstract_controller/rendering.rb:88:in `render'
/Users/strand/.rvm/gems/ruby-1.9.3-p362/gems/actionpack-3.2.11/lib/action_controller/metal/rendering.rb:16:in `render'
/Users/strand/.rvm/gems/ruby-1.9.3-p362/gems/actionpack-3.2.11/lib/action_controller/metal/instrumentation.rb:40:in `block (2 levels) in render'
/Users/strand/.rvm/gems/ruby-1.9.3-p362/gems/activesupport-3.2.11/lib/active_support/core_ext/benchmark.rb:5:in `block in ms'
/Users/strand/.rvm/rubies/ruby-1.9.3-p362/lib/ruby/1.9.1/benchmark.rb:295:in `realtime'
/Users/strand/.rvm/gems/ruby-1.9.3-p362/gems/activesupport-3.2.11/lib/active_support/core_ext/benchmark.rb:5:in `ms'
/Users/strand/.rvm/gems/ruby-1.9.3-p362/gems/actionpack-3.2.11/lib/action_controller/metal/instrumentation.rb:40:in `block in render'
/Users/strand/.rvm/gems/ruby-1.9.3-p362/gems/actionpack-3.2.11/lib/action_controller/metal/instrumentation.rb:83:in `cleanup_view_runtime'
/Users/strand/.rvm/gems/ruby-1.9.3-p362/gems/activerecord-3.2.11/lib/active_record/railties/controller_runtime.rb:24:in `cleanup_view_runtime'
/Users/strand/.rvm/gems/ruby-1.9.3-p362/gems/actionpack-3.2.11/lib/action_controller/metal/instrumentation.rb:39:in `render'
/Users/strand/.rvm/gems/ruby-1.9.3-p362/gems/actionpack-3.2.11/lib/action_controller/metal/implicit_render.rb:10:in `default_render'
/Users/strand/.rvm/gems/ruby-1.9.3-p362/gems/actionpack-3.2.11/lib/action_controller/metal/mime_responds.rb:196:in `respond_to'
/Users/strand/Code/put_it_in_your_face/put_it_in_your_face/app/controllers/ingredient_lists_controller.rb:31:in `new'
/Users/strand/.rvm/gems/ruby-1.9.3-p362/gems/actionpack-3.2.11/lib/action_controller/metal/implicit_render.rb:4:in `send_action'
/Users/strand/.rvm/gems/ruby-1.9.3-p362/gems/actionpack-3.2.11/lib/abstract_controller/base.rb:167:in `process_action'
/Users/strand/.rvm/gems/ruby-1.9.3-p362/gems/actionpack-3.2.11/lib/action_controller/metal/rendering.rb:10:in `process_action'
/Users/strand/.rvm/gems/ruby-1.9.3-p362/gems/actionpack-3.2.11/lib/abstract_controller/callbacks.rb:18:in `block in process_action'
/Users/strand/.rvm/gems/ruby-1.9.3-p362/gems/activesupport-3.2.11/lib/active_support/callbacks.rb:425:in `_run__2714884829091614537__process_action__2414252399678293107__callbacks'
/Users/strand/.rvm/gems/ruby-1.9.3-p362/gems/activesupport-3.2.11/lib/active_support/callbacks.rb:405:in `__run_callback'
/Users/strand/.rvm/gems/ruby-1.9.3-p362/gems/activesupport-3.2.11/lib/active_support/callbacks.rb:385:in `_run_process_action_callbacks'
/Users/strand/.rvm/gems/ruby-1.9.3-p362/gems/activesupport-3.2.11/lib/active_support/callbacks.rb:81:in `run_callbacks'
/Users/strand/.rvm/gems/ruby-1.9.3-p362/gems/actionpack-3.2.11/lib/abstract_controller/callbacks.rb:17:in `process_action'
/Users/strand/.rvm/gems/ruby-1.9.3-p362/gems/actionpack-3.2.11/lib/action_controller/metal/rescue.rb:29:in `process_action'
/Users/strand/.rvm/gems/ruby-1.9.3-p362/gems/actionpack-3.2.11/lib/action_controller/metal/instrumentation.rb:30:in `block in process_action'
/Users/strand/.rvm/gems/ruby-1.9.3-p362/gems/activesupport-3.2.11/lib/active_support/notifications.rb:123:in `block in instrument'
/Users/strand/.rvm/gems/ruby-1.9.3-p362/gems/activesupport-3.2.11/lib/active_support/notifications/instrumenter.rb:20:in `instrument'
/Users/strand/.rvm/gems/ruby-1.9.3-p362/gems/activesupport-3.2.11/lib/active_support/notifications.rb:123:in `instrument'
/Users/strand/.rvm/gems/ruby-1.9.3-p362/gems/actionpack-3.2.11/lib/action_controller/metal/instrumentation.rb:29:in `process_action'
/Users/strand/.rvm/gems/ruby-1.9.3-p362/gems/actionpack-3.2.11/lib/action_controller/metal/params_wrapper.rb:207:in `process_action'
/Users/strand/.rvm/gems/ruby-1.9.3-p362/gems/activerecord-3.2.11/lib/active_record/railties/controller_runtime.rb:18:in `process_action'
/Users/strand/.rvm/gems/ruby-1.9.3-p362/gems/actionpack-3.2.11/lib/abstract_controller/base.rb:121:in `process'
/Users/strand/.rvm/gems/ruby-1.9.3-p362/gems/actionpack-3.2.11/lib/abstract_controller/rendering.rb:45:in `process'
/Users/strand/.rvm/gems/ruby-1.9.3-p362/gems/actionpack-3.2.11/lib/action_controller/metal.rb:203:in `dispatch'
/Users/strand/.rvm/gems/ruby-1.9.3-p362/gems/actionpack-3.2.11/lib/action_controller/metal/rack_delegation.rb:14:in `dispatch'
/Users/strand/.rvm/gems/ruby-1.9.3-p362/gems/actionpack-3.2.11/lib/action_controller/metal.rb:246:in `block in action'
/Users/strand/.rvm/gems/ruby-1.9.3-p362/gems/actionpack-3.2.11/lib/action_dispatch/routing/route_set.rb:73:in `call'
/Users/strand/.rvm/gems/ruby-1.9.3-p362/gems/actionpack-3.2.11/lib/action_dispatch/routing/route_set.rb:73:in `dispatch'
/Users/strand/.rvm/gems/ruby-1.9.3-p362/gems/actionpack-3.2.11/lib/action_dispatch/routing/route_set.rb:36:in `call'
/Users/strand/.rvm/gems/ruby-1.9.3-p362/gems/journey-1.0.4/lib/journey/router.rb:68:in `block in call'
/Users/strand/.rvm/gems/ruby-1.9.3-p362/gems/journey-1.0.4/lib/journey/router.rb:56:in `each'
/Users/strand/.rvm/gems/ruby-1.9.3-p362/gems/journey-1.0.4/lib/journey/router.rb:56:in `call'
/Users/strand/.rvm/gems/ruby-1.9.3-p362/gems/actionpack-3.2.11/lib/action_dispatch/routing/route_set.rb:601:in `call'
/Users/strand/.rvm/gems/ruby-1.9.3-p362/gems/actionpack-3.2.11/lib/action_dispatch/middleware/best_standards_support.rb:17:in `call'
/Users/strand/.rvm/gems/ruby-1.9.3-p362/gems/rack-1.4.4/lib/rack/etag.rb:23:in `call'
/Users/strand/.rvm/gems/ruby-1.9.3-p362/gems/rack-1.4.4/lib/rack/conditionalget.rb:25:in `call'
/Users/strand/.rvm/gems/ruby-1.9.3-p362/gems/actionpack-3.2.11/lib/action_dispatch/middleware/head.rb:14:in `call'
/Users/strand/.rvm/gems/ruby-1.9.3-p362/gems/actionpack-3.2.11/lib/action_dispatch/middleware/params_parser.rb:21:in `call'
/Users/strand/.rvm/gems/ruby-1.9.3-p362/gems/actionpack-3.2.11/lib/action_dispatch/middleware/flash.rb:242:in `call'
/Users/strand/.rvm/gems/ruby-1.9.3-p362/gems/rack-1.4.4/lib/rack/session/abstract/id.rb:210:in `context'
/Users/strand/.rvm/gems/ruby-1.9.3-p362/gems/rack-1.4.4/lib/rack/session/abstract/id.rb:205:in `call'
/Users/strand/.rvm/gems/ruby-1.9.3-p362/gems/actionpack-3.2.11/lib/action_dispatch/middleware/cookies.rb:341:in `call'
/Users/strand/.rvm/gems/ruby-1.9.3-p362/gems/activerecord-3.2.11/lib/active_record/query_cache.rb:64:in `call'
/Users/strand/.rvm/gems/ruby-1.9.3-p362/gems/activerecord-3.2.11/lib/active_record/connection_adapters/abstract/connection_pool.rb:479:in `call'
/Users/strand/.rvm/gems/ruby-1.9.3-p362/gems/actionpack-3.2.11/lib/action_dispatch/middleware/callbacks.rb:28:in `block in call'
/Users/strand/.rvm/gems/ruby-1.9.3-p362/gems/activesupport-3.2.11/lib/active_support/callbacks.rb:405:in `_run__2994412015258806576__call__1848051640045440781__callbacks'
/Users/strand/.rvm/gems/ruby-1.9.3-p362/gems/activesupport-3.2.11/lib/active_support/callbacks.rb:405:in `__run_callback'
/Users/strand/.rvm/gems/ruby-1.9.3-p362/gems/activesupport-3.2.11/lib/active_support/callbacks.rb:385:in `_run_call_callbacks'
/Users/strand/.rvm/gems/ruby-1.9.3-p362/gems/activesupport-3.2.11/lib/active_support/callbacks.rb:81:in `run_callbacks'
/Users/strand/.rvm/gems/ruby-1.9.3-p362/gems/actionpack-3.2.11/lib/action_dispatch/middleware/callbacks.rb:27:in `call'
/Users/strand/.rvm/gems/ruby-1.9.3-p362/gems/actionpack-3.2.11/lib/action_dispatch/middleware/reloader.rb:65:in `call'
/Users/strand/.rvm/gems/ruby-1.9.3-p362/gems/actionpack-3.2.11/lib/action_dispatch/middleware/remote_ip.rb:31:in `call'
/Users/strand/.rvm/gems/ruby-1.9.3-p362/gems/actionpack-3.2.11/lib/action_dispatch/middleware/debug_exceptions.rb:16:in `call'
/Users/strand/.rvm/gems/ruby-1.9.3-p362/gems/actionpack-3.2.11/lib/action_dispatch/middleware/show_exceptions.rb:56:in `call'
/Users/strand/.rvm/gems/ruby-1.9.3-p362/gems/railties-3.2.11/lib/rails/rack/logger.rb:32:in `call_app'
/Users/strand/.rvm/gems/ruby-1.9.3-p362/gems/railties-3.2.11/lib/rails/rack/logger.rb:16:in `block in call'
/Users/strand/.rvm/gems/ruby-1.9.3-p362/gems/activesupport-3.2.11/lib/active_support/tagged_logging.rb:22:in `tagged'
/Users/strand/.rvm/gems/ruby-1.9.3-p362/gems/railties-3.2.11/lib/rails/rack/logger.rb:16:in `call'
/Users/strand/.rvm/gems/ruby-1.9.3-p362/gems/actionpack-3.2.11/lib/action_dispatch/middleware/request_id.rb:22:in `call'
/Users/strand/.rvm/gems/ruby-1.9.3-p362/gems/rack-1.4.4/lib/rack/methodoverride.rb:21:in `call'
/Users/strand/.rvm/gems/ruby-1.9.3-p362/gems/rack-1.4.4/lib/rack/runtime.rb:17:in `call'
/Users/strand/.rvm/gems/ruby-1.9.3-p362/gems/activesupport-3.2.11/lib/active_support/cache/strategy/local_cache.rb:72:in `call'
/Users/strand/.rvm/gems/ruby-1.9.3-p362/gems/rack-1.4.4/lib/rack/lock.rb:15:in `call'
/Users/strand/.rvm/gems/ruby-1.9.3-p362/gems/actionpack-3.2.11/lib/action_dispatch/middleware/static.rb:62:in `call'
/Users/strand/.rvm/gems/ruby-1.9.3-p362/gems/railties-3.2.11/lib/rails/engine.rb:479:in `call'
/Users/strand/.rvm/gems/ruby-1.9.3-p362/gems/railties-3.2.11/lib/rails/application.rb:223:in `call'
/Users/strand/.rvm/gems/ruby-1.9.3-p362/gems/rack-1.4.4/lib/rack/content_length.rb:14:in `call'
/Users/strand/.rvm/gems/ruby-1.9.3-p362/gems/railties-3.2.11/lib/rails/rack/log_tailer.rb:17:in `call'
/Users/strand/.rvm/gems/ruby-1.9.3-p362/gems/rack-1.4.4/lib/rack/handler/webrick.rb:59:in `service'
/Users/strand/.rvm/rubies/ruby-1.9.3-p362/lib/ruby/1.9.1/webrick/httpserver.rb:138:in `service'
/Users/strand/.rvm/rubies/ruby-1.9.3-p362/lib/ruby/1.9.1/webrick/httpserver.rb:94:in `run'
/Users/strand/.rvm/rubies/ruby-1.9.3-p362/lib/ruby/1.9.1/webrick/server.rb:191:in `block in start_thread'
  Rendered ingredient_lists/_form.html.erb (8.0ms)
  Rendered ingredient_lists/new.html.erb within layouts/application (8.8ms)
Completed 500 Internal Server Error in 12ms

ActionView::Template::Error (/Users/strand/Code/put_it_in_your_face/put_it_in_your_face/app/views/ingredient_lists/_form.html.erb:18: syntax error, unexpected tIDENTIFIER, expecting ')'
...d}", ingredient.name ingredient.id );@output_buffer.safe_con...
...                               ^):
    15:     <%= f.label :ingredient_id %><br />
    16:     <%= f.number_field :ingredient_id %>
    17:     <% @ingredients.each do |ingredient| %>
    18:       <%= check_box_tag "option-#{ingredient.id}", ingredient.name ingredient.id %>
    19:       <%= debug ingredient %>
    20:     <% end %>
    21:   </div>
  app/views/ingredient_lists/new.html.erb:3:in `_app_views_ingredient_lists_new_html_erb___3391435436609214733_70098199679780'
  app/controllers/ingredient_lists_controller.rb:31:in `new'


  Rendered /Users/strand/.rvm/gems/ruby-1.9.3-p362/gems/actionpack-3.2.11/lib/action_dispatch/middleware/templates/rescues/_trace.erb (1.8ms)
  Rendered /Users/strand/.rvm/gems/ruby-1.9.3-p362/gems/actionpack-3.2.11/lib/action_dispatch/middleware/templates/rescues/_request_and_response.erb (1.4ms)
  Rendered /Users/strand/.rvm/gems/ruby-1.9.3-p362/gems/actionpack-3.2.11/lib/action_dispatch/middleware/templates/rescues/template_error.erb within rescues/layout (12.9ms)


Started GET "/ingredient_lists/new" for 127.0.0.1 at 2013-01-15 18:00:52 -0800
Processing by IngredientListsController#new as HTML
  [1m[36mIngredient Load (0.2ms)[0m  [1mSELECT "ingredients".* FROM "ingredients" [0m
  Rendered ingredient_lists/_form.html.erb (18.1ms)
  Rendered ingredient_lists/new.html.erb within layouts/application (19.0ms)
Completed 200 OK in 26ms (Views: 25.1ms | ActiveRecord: 0.2ms)


Started GET "/assets/application.css?body=1" for 127.0.0.1 at 2013-01-15 18:00:52 -0800
Served asset /application.css - 304 Not Modified (0ms)


Started GET "/assets/ingredient_lists.css?body=1" for 127.0.0.1 at 2013-01-15 18:00:52 -0800
Served asset /ingredient_lists.css - 304 Not Modified (0ms)


Started GET "/assets/jquery.js?body=1" for 127.0.0.1 at 2013-01-15 18:00:52 -0800
Served asset /jquery.js - 304 Not Modified (0ms)


Started GET "/assets/recipes.css?body=1" for 127.0.0.1 at 2013-01-15 18:00:52 -0800
Served asset /recipes.css - 304 Not Modified (0ms)


Started GET "/assets/ingredients.css?body=1" for 127.0.0.1 at 2013-01-15 18:00:52 -0800
Served asset /ingredients.css - 304 Not Modified (0ms)


Started GET "/assets/scaffolds.css?body=1" for 127.0.0.1 at 2013-01-15 18:00:52 -0800
Served asset /scaffolds.css - 304 Not Modified (0ms)


Started GET "/assets/jquery_ujs.js?body=1" for 127.0.0.1 at 2013-01-15 18:00:52 -0800
Served asset /jquery_ujs.js - 304 Not Modified (0ms)


Started GET "/assets/ingredient_lists.js?body=1" for 127.0.0.1 at 2013-01-15 18:00:52 -0800
Served asset /ingredient_lists.js - 304 Not Modified (0ms)


Started GET "/assets/ingredients.js?body=1" for 127.0.0.1 at 2013-01-15 18:00:52 -0800
Served asset /ingredients.js - 304 Not Modified (0ms)


Started GET "/assets/application.js?body=1" for 127.0.0.1 at 2013-01-15 18:00:52 -0800
Served asset /application.js - 304 Not Modified (0ms)


Started GET "/assets/recipes.js?body=1" for 127.0.0.1 at 2013-01-15 18:00:53 -0800
Served asset /recipes.js - 304 Not Modified (0ms)


Started GET "/ingredient_lists/new" for 127.0.0.1 at 2013-01-15 20:14:12 -0800
Processing by IngredientListsController#new as HTML
  [1m[35mIngredient Load (0.8ms)[0m  SELECT "ingredients".* FROM "ingredients" 
  Rendered ingredient_lists/_form.html.erb (7.5ms)
  Rendered ingredient_lists/new.html.erb within layouts/application (9.1ms)
Completed 500 Internal Server Error in 18ms

ActionView::Template::Error (undefined method `delete' for 1:Fixnum):
    15:     <%= f.label :ingredient_id %><br />
    16:     <%= f.number_field :ingredient_id %>
    17:     <% @ingredients.each do |ingredient| %>
    18:       <%= check_box "option-#{ingredient.id}", ingredient.name, ingredient.id %>
    19:       <%= debug ingredient %>
    20:     <% end %>
    21:   </div>
  app/views/ingredient_lists/_form.html.erb:18:in `block (2 levels) in _app_views_ingredient_lists__form_html_erb__3574151092195000797_70098186929940'
  app/views/ingredient_lists/_form.html.erb:17:in `each'
  app/views/ingredient_lists/_form.html.erb:17:in `block in _app_views_ingredient_lists__form_html_erb__3574151092195000797_70098186929940'
  app/views/ingredient_lists/_form.html.erb:1:in `_app_views_ingredient_lists__form_html_erb__3574151092195000797_70098186929940'
  app/views/ingredient_lists/new.html.erb:3:in `_app_views_ingredient_lists_new_html_erb___3391435436609214733_70098199679780'
  app/controllers/ingredient_lists_controller.rb:31:in `new'


  Rendered /Users/strand/.rvm/gems/ruby-1.9.3-p362/gems/actionpack-3.2.11/lib/action_dispatch/middleware/templates/rescues/_trace.erb (3.3ms)
  Rendered /Users/strand/.rvm/gems/ruby-1.9.3-p362/gems/actionpack-3.2.11/lib/action_dispatch/middleware/templates/rescues/_request_and_response.erb (1.6ms)
  Rendered /Users/strand/.rvm/gems/ruby-1.9.3-p362/gems/actionpack-3.2.11/lib/action_dispatch/middleware/templates/rescues/template_error.erb within rescues/layout (14.8ms)


Started GET "/coming-soon" for 127.0.0.1 at 2013-01-16 09:06:24 -0800

ActionController::RoutingError (No route matches [GET] "/coming-soon"):
  actionpack (3.2.11) lib/action_dispatch/middleware/debug_exceptions.rb:21:in `call'
  actionpack (3.2.11) lib/action_dispatch/middleware/show_exceptions.rb:56:in `call'
  railties (3.2.11) lib/rails/rack/logger.rb:32:in `call_app'
  railties (3.2.11) lib/rails/rack/logger.rb:16:in `block in call'
  activesupport (3.2.11) lib/active_support/tagged_logging.rb:22:in `tagged'
  railties (3.2.11) lib/rails/rack/logger.rb:16:in `call'
  actionpack (3.2.11) lib/action_dispatch/middleware/request_id.rb:22:in `call'
  rack (1.4.4) lib/rack/methodoverride.rb:21:in `call'
  rack (1.4.4) lib/rack/runtime.rb:17:in `call'
  activesupport (3.2.11) lib/active_support/cache/strategy/local_cache.rb:72:in `call'
  rack (1.4.4) lib/rack/lock.rb:15:in `call'
  actionpack (3.2.11) lib/action_dispatch/middleware/static.rb:62:in `call'
  railties (3.2.11) lib/rails/engine.rb:479:in `call'
  railties (3.2.11) lib/rails/application.rb:223:in `call'
  rack (1.4.4) lib/rack/content_length.rb:14:in `call'
  railties (3.2.11) lib/rails/rack/log_tailer.rb:17:in `call'
  rack (1.4.4) lib/rack/handler/webrick.rb:59:in `service'
  /Users/strand/.rvm/rubies/ruby-1.9.3-p362/lib/ruby/1.9.1/webrick/httpserver.rb:138:in `service'
  /Users/strand/.rvm/rubies/ruby-1.9.3-p362/lib/ruby/1.9.1/webrick/httpserver.rb:94:in `run'
  /Users/strand/.rvm/rubies/ruby-1.9.3-p362/lib/ruby/1.9.1/webrick/server.rb:191:in `block in start_thread'


  Rendered /Users/strand/.rvm/gems/ruby-1.9.3-p362/gems/actionpack-3.2.11/lib/action_dispatch/middleware/templates/rescues/routing_error.erb within rescues/layout (45.1ms)


Started GET "/assets/rails.png" for 127.0.0.1 at 2013-01-27 13:47:58 -0800
Connecting to database specified by database.yml
Served asset /rails.png - 200 OK (2ms)
